{"name":"wotfing-api","hostname":"Lauras-MBP","pid":15409,"level":30,"msg":"[ { timestamp: 1495747283379,\n    position: { type: 'Point', coordinates: [Object] } },\n  { timestamp: 1495747293379,\n    position: { type: 'Point', coordinates: [Object] } },\n  { timestamp: 1495747293379,\n    position: { type: 'Point', coordinates: [Object] } },\n  { timestamp: 1495747293379,\n    position: { type: 'Point', coordinates: [Object] } } ]","time":"2017-06-08T06:25:13.737Z","v":0}
{"name":"wotfing-api","hostname":"Lauras-MBP","pid":15422,"level":30,"msg":"[ { timestamp: 1495747283379,\n    position: { type: 'Point', coordinates: [Object] } },\n  { timestamp: 1495747293379,\n    position: { type: 'Point', coordinates: [Object] } },\n  { timestamp: 1495747293379,\n    position: { type: 'Point', coordinates: [Object] } },\n  { timestamp: 1495747293379,\n    position: { type: 'Point', coordinates: [Object] } } ]","time":"2017-06-08T06:32:41.273Z","v":0}
{"name":"wotfing-api","hostname":"Lauras-MBP","pid":15427,"level":30,"msg":"[ { timestamp: 1495747283379,\n    position: { type: 'Point', coordinates: [Object] } },\n  { timestamp: 1495747293379,\n    position: { type: 'Point', coordinates: [Object] } },\n  { timestamp: 1495747293379,\n    position: { type: 'Point', coordinates: [Object] } },\n  { timestamp: 1495747293379,\n    position: { type: 'Point', coordinates: [Object] } } ]","time":"2017-06-08T06:33:10.311Z","v":0}
{"name":"wotfing-api","hostname":"Lauras-MBP","pid":18442,"level":30,"msg":"[ { timestamp: 1495747283379,\n    position: { type: 'Point', coordinates: [Object] } },\n  { timestamp: 1495747293379,\n    position: { type: 'Point', coordinates: [Object] } },\n  { timestamp: 1495747293379,\n    position: { type: 'Point', coordinates: [Object] } },\n  { timestamp: 1495747293379,\n    position: { type: 'Point', coordinates: [Object] } } ]","time":"2017-06-08T17:51:40.123Z","v":0}
{"name":"wotfing-api","hostname":"Lauras-MBP","pid":18451,"level":30,"msg":"[ { timestamp: 1495747283379,\n    position: { type: 'Point', coordinates: [Object] } },\n  { timestamp: 1495747293379,\n    position: { type: 'Point', coordinates: [Object] } },\n  { timestamp: 1495747293379,\n    position: { type: 'Point', coordinates: [Object] } },\n  { timestamp: 1495747293379,\n    position: { type: 'Point', coordinates: [Object] } } ]","time":"2017-06-08T17:52:56.061Z","v":0}
{"name":"wotfing-api","hostname":"Lauras-MBP","pid":18455,"level":30,"msg":"[ { timestamp: 1495747283379,\n    position: { type: 'Point', coordinates: [Object] } },\n  { timestamp: 1495747293379,\n    position: { type: 'Point', coordinates: [Object] } },\n  { timestamp: 1495747293379,\n    position: { type: 'Point', coordinates: [Object] } },\n  { timestamp: 1495747293379,\n    position: { type: 'Point', coordinates: [Object] } } ]","time":"2017-06-08T17:53:22.960Z","v":0}
{"name":"wotfing-api","hostname":"Lauras-MBP","pid":18459,"level":30,"msg":"","time":"2017-06-08T17:53:49.875Z","v":0}
{"name":"wotfing-api","hostname":"Lauras-MBP","pid":18463,"level":30,"msg":"","time":"2017-06-08T17:55:01.672Z","v":0}
{"name":"wotfing-api","hostname":"Lauras-MBP","pid":18468,"level":30,"msg":"","time":"2017-06-08T17:55:43.577Z","v":0}
{"name":"wotfing-api","hostname":"Lauras-MBP","pid":18476,"level":30,"msg":"","time":"2017-06-08T17:58:09.841Z","v":0}
{"name":"wotfing-api","hostname":"Lauras-MBP","pid":18480,"level":30,"msg":"","time":"2017-06-08T17:58:34.636Z","v":0}
{"name":"wotfing-api","hostname":"Lauras-MBP","pid":18487,"level":30,"msg":"","time":"2017-06-08T17:59:32.785Z","v":0}
{"name":"wotfing-api","hostname":"Lauras-MBP","pid":18491,"level":30,"msg":"","time":"2017-06-08T17:59:54.286Z","v":0}
{"name":"wotfing-api","hostname":"Lauras-MBP","pid":18541,"level":30,"msg":"","time":"2017-06-08T18:02:53.579Z","v":0}
{"name":"wotfing-api","hostname":"Lauras-MBP","pid":18541,"level":30,"msg":"","time":"2017-06-08T18:02:56.480Z","v":0}
{"name":"wotfing-api","hostname":"Lauras-MBP","pid":18547,"level":30,"msg":"","time":"2017-06-08T18:03:43.523Z","v":0}
{"name":"wotfing-api","hostname":"Lauras-MBP","pid":18547,"level":30,"msg":"","time":"2017-06-08T18:03:46.202Z","v":0}
{"name":"wotfing-api","hostname":"Lauras-MBP","pid":18547,"level":30,"msg":"","time":"2017-06-08T18:03:47.022Z","v":0}
{"name":"wotfing-api","hostname":"Lauras-MBP","pid":18547,"level":30,"msg":"","time":"2017-06-08T18:03:47.630Z","v":0}
{"name":"wotfing-api","hostname":"Lauras-MBP","pid":18547,"level":30,"email":"Dave@dave.com","msg":"","time":"2017-06-08T18:04:17.961Z","v":0}
{"name":"wotfing-api","hostname":"Lauras-MBP","pid":18554,"level":30,"email":"Dave@dave.com","password":"123","msg":"","time":"2017-06-08T18:06:51.090Z","v":0}
{"name":"wotfing-api","hostname":"Lauras-MBP","pid":18554,"level":30,"email":"Dave@dave.com","password":"1233333333","msg":"","time":"2017-06-08T18:06:59.344Z","v":0}
{"name":"wotfing-api","hostname":"Lauras-MacBook-Pro.local","pid":18672,"level":30,"email":"Dave@dave.com","password":"1233333","msg":"","time":"2017-06-08T21:05:43.931Z","v":0}
{"name":"wotfing-api","hostname":"Lauras-MacBook-Pro.local","pid":18672,"level":30,"email":"Dave@dave.com","password":"1233333A","msg":"","time":"2017-06-08T21:05:49.999Z","v":0}
{"name":"wotfing-api","hostname":"Lauras-MacBook-Pro.local","pid":19347,"level":30,"email":"Dave@dave.com","password":"1233333A","msg":"","time":"2017-06-09T04:37:41.027Z","v":0}
{"name":"wotfing-api","hostname":"Lauras-MacBook-Pro.local","pid":19347,"level":30,"email":"Dave@dave.com","password":"123333lkj3A","msg":"","time":"2017-06-09T04:44:06.297Z","v":0}
{"name":"wotfing-api","hostname":"Lauras-MacBook-Pro.local","pid":19347,"level":30,"email":"Dave@dave.com","password":"123333lkj3A","msg":"","time":"2017-06-09T04:44:43.344Z","v":0}
{"name":"wotfing-api","hostname":"Lauras-MacBook-Pro.local","pid":19347,"level":30,"email":"Dave@dave.com","password":"123333lkj3A","msg":"","time":"2017-06-09T04:44:43.582Z","v":0}
{"name":"wotfing-api","hostname":"Lauras-MacBook-Pro.local","pid":19347,"level":30,"email":"Dave@dave.com","password":"123333lkj3A","msg":"","time":"2017-06-09T04:44:43.826Z","v":0}
{"name":"wotfing-api","hostname":"Lauras-MacBook-Pro.local","pid":19347,"level":30,"email":"Dave@dave.com","password":"123333lkj3A","msg":"","time":"2017-06-09T04:44:44.137Z","v":0}
{"name":"wotfing-api","hostname":"Lauras-MBP","pid":26482,"level":30,"email":"test234@test.com","password":"password421","msg":"","time":"2017-06-12T17:45:23.181Z","v":0}
{"name":"wotfing-api","hostname":"Lauras-MBP","pid":26482,"level":30,"email":"test516@test.com","password":"password616","msg":"","time":"2017-06-12T17:45:25.866Z","v":0}
{"name":"wotfing-api","hostname":"Lauras-MBP","pid":26500,"level":30,"email":"test550@test.com","password":"password109","msg":"","time":"2017-06-12T17:46:06.972Z","v":0}
{"name":"wotfing-api","hostname":"Lauras-MBP","pid":26507,"level":30,"email":"test100@test.com","password":"password818","msg":"","time":"2017-06-12T17:47:24.852Z","v":0}
{"name":"wotfing-api","hostname":"Lauras-MBP","pid":26518,"level":30,"email":"test325@test.com","password":"password417","msg":"","time":"2017-06-12T17:48:23.005Z","v":0}
{"name":"wotfing-api","hostname":"Lauras-MBP","pid":26518,"level":30,"email":"Dave@dave.com","password":"123333lkj3A","msg":"","time":"2017-06-13T06:41:41.994Z","v":0}
{"name":"wotfing-api","hostname":"Lauras-MBP","pid":26518,"level":30,"email":"Dave@1dave.com","password":"123333lkj3A","msg":"","time":"2017-06-13T06:42:01.862Z","v":0}
{"name":"wotfing-api","hostname":"Lauras-MBP","pid":26827,"level":30,"email":"test867@test.com","password":"password619","msg":"","time":"2017-06-13T06:42:48.520Z","v":0}
{"name":"wotfing-api","hostname":"Lauras-MacBook-Pro.local","pid":624,"level":30,"email":"test100@test.com","password":"password482","msg":"","time":"2017-06-13T06:48:00.183Z","v":0}
{"name":"wotfing-api","hostname":"Lauras-MacBook-Pro.local","pid":624,"level":30,"email":"test858@test.com","password":"password357","msg":"","time":"2017-06-13T06:48:06.900Z","v":0}
{"name":"wotfing-api","hostname":"Lauras-MBP","pid":1060,"level":30,"email":"test322@test.com","password":"password344","msg":"","time":"2017-06-13T06:49:48.063Z","v":0}
{"name":"wotfing-api","hostname":"Lauras-MBP","pid":1060,"level":30,"email":"test673@test.com","password":"password921","msg":"","time":"2017-06-13T06:50:09.849Z","v":0}
{"name":"wotfing-api","hostname":"Lauras-MBP","pid":1071,"level":30,"email":"test440@test.com","password":"password97","msg":"","time":"2017-06-13T06:50:35.978Z","v":0}
{"name":"wotfing-api","hostname":"Lauras-MBP","pid":1078,"level":30,"email":"test990@test.com","password":"password638","msg":"","time":"2017-06-13T06:51:06.277Z","v":0}
{"name":"wotfing-api","hostname":"Lauras-MBP","pid":1084,"level":30,"email":"test499@test.com","password":"password461","msg":"","time":"2017-06-13T06:51:12.394Z","v":0}
{"name":"wotfing-api","hostname":"Lauras-MBP","pid":1090,"level":30,"email":"test224@test.com","password":"password346","msg":"","time":"2017-06-13T06:51:19.639Z","v":0}
{"name":"wotfing-api","hostname":"Lauras-MBP","pid":1096,"level":30,"email":"test961@test.com","password":"password804","msg":"","time":"2017-06-13T06:51:23.762Z","v":0}
{"name":"wotfing-api","hostname":"Lauras-MBP","pid":1103,"level":30,"email":"test309@test.com","password":"password373","msg":"","time":"2017-06-13T06:51:51.994Z","v":0}
{"name":"wotfing-api","hostname":"Lauras-MBP","pid":1110,"level":30,"email":"test631@test.com","password":"password83","msg":"","time":"2017-06-13T06:52:17.150Z","v":0}
{"name":"wotfing-api","hostname":"Lauras-MBP","pid":1119,"level":30,"email":"test984@test.com","password":"password411","msg":"","time":"2017-06-13T06:53:49.673Z","v":0}
{"name":"wotfing-api","hostname":"Lauras-MBP","pid":1119,"level":30,"email":"test829@test.com","password":"password824","msg":"","time":"2017-06-13T06:53:49.744Z","v":0}
{"name":"wotfing-api","hostname":"Lauras-MBP","pid":1126,"level":30,"email":"test262@test.com","password":"password948","msg":"","time":"2017-06-13T06:54:16.632Z","v":0}
{"name":"wotfing-api","hostname":"Lauras-MBP","pid":1126,"level":30,"msg":"","time":"2017-06-13T06:54:16.700Z","v":0}
{"name":"wotfing-api","hostname":"Lauras-MBP","pid":1132,"level":30,"email":"test349@test.com","password":"password299","msg":"","time":"2017-06-13T06:55:21.101Z","v":0}
{"name":"wotfing-api","hostname":"Lauras-MBP","pid":1132,"level":30,"email":"test349@test.com","password":"password299","msg":"","time":"2017-06-13T06:55:21.158Z","v":0}
{"name":"wotfing-api","hostname":"Lauras-MBP","pid":1143,"level":30,"email":"test117@test.com","password":"password666","msg":"","time":"2017-06-13T06:55:53.769Z","v":0}
{"name":"wotfing-api","hostname":"Lauras-MBP","pid":1143,"level":30,"email":"test117@test.com","password":"password666","msg":"","time":"2017-06-13T06:55:53.828Z","v":0}
{"name":"wotfing-api","hostname":"Lauras-MBP","pid":1149,"level":30,"email":"test241@test.com","password":"password94","msg":"","time":"2017-06-13T06:56:06.051Z","v":0}
{"name":"wotfing-api","hostname":"Lauras-MBP","pid":1149,"level":30,"email":"test241@test.com","password":"password94","msg":"","time":"2017-06-13T06:56:06.106Z","v":0}
{"name":"wotfing-api","hostname":"Lauras-MBP","pid":1149,"level":30,"email":"test838@test.com","password":"password322","msg":"","time":"2017-06-13T06:56:07.792Z","v":0}
{"name":"wotfing-api","hostname":"Lauras-MBP","pid":1149,"level":30,"email":"test838@test.com","password":"password322","msg":"","time":"2017-06-13T06:56:07.838Z","v":0}
{"name":"wotfing-api","hostname":"Lauras-MBP","pid":1157,"level":30,"email":"test388@test.com","password":"password129","msg":"","time":"2017-06-13T06:56:44.427Z","v":0}
{"name":"wotfing-api","hostname":"Lauras-MBP","pid":1157,"level":30,"email":"test388@test.com","password":"password129","msg":"","time":"2017-06-13T06:56:44.485Z","v":0}
{"name":"wotfing-api","hostname":"Lauras-MBP","pid":1172,"level":30,"email":"test186@test.com","password":"password371","msg":"","time":"2017-06-13T06:58:55.594Z","v":0}
{"name":"wotfing-api","hostname":"Lauras-MBP","pid":1172,"level":30,"email":"test186@test.com","password":"password371","msg":"","time":"2017-06-13T06:58:55.655Z","v":0}
{"name":"wotfing-api","hostname":"Lauras-MBP","pid":1172,"level":30,"email":"test186@test.com","password":"password371","msg":"","time":"2017-06-13T06:58:55.663Z","v":0}
{"name":"wotfing-api","hostname":"Lauras-MBP","pid":1172,"level":30,"email":"test193@test.com","password":"password410","msg":"","time":"2017-06-13T06:59:22.813Z","v":0}
{"name":"wotfing-api","hostname":"Lauras-MBP","pid":1172,"level":30,"email":"test193@test.com","password":"password410","msg":"","time":"2017-06-13T06:59:22.857Z","v":0}
{"name":"wotfing-api","hostname":"Lauras-MBP","pid":1172,"level":30,"email":"test193@test.com","password":"password410","msg":"","time":"2017-06-13T06:59:22.872Z","v":0}
{"name":"wotfing-api","hostname":"Lauras-MBP","pid":1180,"level":30,"email":"test793@test.com","password":"password930","msg":"","time":"2017-06-13T07:00:50.083Z","v":0}
{"name":"wotfing-api","hostname":"Lauras-MBP","pid":1180,"level":30,"email":"test793@test.com","password":"password930","msg":"","time":"2017-06-13T07:00:50.141Z","v":0}
{"name":"wotfing-api","hostname":"Lauras-MBP","pid":1180,"level":30,"email":"test793@test.com","password":"password930","msg":"","time":"2017-06-13T07:00:50.151Z","v":0}
{"name":"wotfing-api","hostname":"Lauras-MBP","pid":3497,"level":30,"email":"test971@test.com","password":"password669","msg":"","time":"2017-06-13T17:34:01.385Z","v":0}
{"name":"wotfing-api","hostname":"Lauras-MBP","pid":3497,"level":30,"email":"test971@test.com","password":"password669","msg":"","time":"2017-06-13T17:34:01.468Z","v":0}
{"name":"wotfing-api","hostname":"Lauras-MBP","pid":3497,"level":30,"email":"test971@test.com","password":"password669","msg":"","time":"2017-06-13T17:34:01.494Z","v":0}
{"name":"wotfing-api","hostname":"Lauras-MBP","pid":3507,"level":30,"email":"test387@test.com","password":"password868","msg":"","time":"2017-06-13T17:34:47.618Z","v":0}
{"name":"wotfing-api","hostname":"Lauras-MBP","pid":3507,"level":30,"email":"test387@test.com","password":"password868","msg":"","time":"2017-06-13T17:34:47.706Z","v":0}
{"name":"wotfing-api","hostname":"Lauras-MBP","pid":3507,"level":30,"email":"test387@test.com","password":"password868","msg":"","time":"2017-06-13T17:34:47.728Z","v":0}
{"name":"wotfing-api","hostname":"Lauras-MBP","pid":3511,"level":30,"email":"test485@test.com","password":"password669","msg":"","time":"2017-06-13T17:35:20.789Z","v":0}
{"name":"wotfing-api","hostname":"Lauras-MBP","pid":3511,"level":30,"email":"test485@test.com","password":"password669","msg":"","time":"2017-06-13T17:35:20.841Z","v":0}
{"name":"wotfing-api","hostname":"Lauras-MBP","pid":3511,"level":30,"email":"test485@test.com","password":"password669","msg":"","time":"2017-06-13T17:35:20.852Z","v":0}
{"name":"wotfing-api","hostname":"Lauras-MacBook-Pro.local","pid":4184,"level":30,"email":"test691@test.com","password":"password529","msg":"","time":"2017-06-13T21:52:27.829Z","v":0}
{"name":"wotfing-api","hostname":"Lauras-MacBook-Pro.local","pid":4184,"level":30,"email":"test691@test.com","password":"password529","msg":"","time":"2017-06-13T21:52:27.909Z","v":0}
{"name":"wotfing-api","hostname":"Lauras-MacBook-Pro.local","pid":4184,"level":30,"email":"test691@test.com","password":"password529","msg":"","time":"2017-06-13T21:52:27.923Z","v":0}
{"name":"wotfing-api","hostname":"Lauras-MacBook-Pro.local","pid":4221,"level":30,"email":"test309@test.com","password":"password984","msg":"","time":"2017-06-13T21:52:47.874Z","v":0}
{"name":"wotfing-api","hostname":"Lauras-MacBook-Pro.local","pid":4221,"level":30,"email":"test309@test.com","password":"password984","msg":"","time":"2017-06-13T21:52:47.961Z","v":0}
{"name":"wotfing-api","hostname":"Lauras-MacBook-Pro.local","pid":4221,"level":30,"email":"test309@test.com","password":"password984","msg":"","time":"2017-06-13T21:52:47.971Z","v":0}
{"name":"wotfing-api","hostname":"Lauras-MacBook-Pro.local","pid":4221,"level":30,"email":"test362@test.com","password":"password545","msg":"","time":"2017-06-13T21:52:55.757Z","v":0}
{"name":"wotfing-api","hostname":"Lauras-MacBook-Pro.local","pid":4221,"level":30,"email":"test362@test.com","password":"password545","msg":"","time":"2017-06-13T21:52:55.805Z","v":0}
{"name":"wotfing-api","hostname":"Lauras-MacBook-Pro.local","pid":4221,"level":30,"email":"test362@test.com","password":"password545","msg":"","time":"2017-06-13T21:52:55.819Z","v":0}
{"name":"wotfing-api","hostname":"Lauras-MacBook-Pro.local","pid":4221,"level":30,"email":"test96@test.com","password":"password566","msg":"","time":"2017-06-13T21:52:57.664Z","v":0}
{"name":"wotfing-api","hostname":"Lauras-MacBook-Pro.local","pid":4221,"level":30,"email":"test96@test.com","password":"password566","msg":"","time":"2017-06-13T21:52:57.690Z","v":0}
{"name":"wotfing-api","hostname":"Lauras-MacBook-Pro.local","pid":4221,"level":30,"email":"test96@test.com","password":"password566","msg":"","time":"2017-06-13T21:52:57.704Z","v":0}
{"name":"wotfing-api","hostname":"Lauras-MacBook-Pro.local","pid":4221,"level":30,"email":"test843@test.com","password":"password338","msg":"","time":"2017-06-13T21:52:58.951Z","v":0}
{"name":"wotfing-api","hostname":"Lauras-MacBook-Pro.local","pid":4221,"level":30,"email":"test843@test.com","password":"password338","msg":"","time":"2017-06-13T21:52:58.974Z","v":0}
{"name":"wotfing-api","hostname":"Lauras-MacBook-Pro.local","pid":4221,"level":30,"email":"test843@test.com","password":"password338","msg":"","time":"2017-06-13T21:52:58.985Z","v":0}
{"name":"wotfing-api","hostname":"Lauras-MBP","pid":6767,"level":30,"email":"test235@test.com","password":"password906","msg":"","time":"2017-06-14T21:14:36.087Z","v":0}
{"name":"wotfing-api","hostname":"Lauras-MBP","pid":6767,"level":30,"email":"test235@test.com","password":"password906","msg":"","time":"2017-06-14T21:14:36.122Z","v":0}
{"name":"wotfing-api","hostname":"Lauras-MBP","pid":6767,"level":30,"email":"test235@test.com","password":"password906","msg":"","time":"2017-06-14T21:14:36.132Z","v":0}
{"name":"wotfing-api","hostname":"Lauras-MBP","pid":6792,"level":30,"email":"test3597117@test.com","password":"password1721059","msg":"","time":"2017-06-14T21:18:13.442Z","v":0}
{"name":"wotfing-api","hostname":"Lauras-MBP","pid":6792,"level":30,"email":"test2860739@test.com","password":"password32144171","msg":"","time":"2017-06-14T21:18:23.609Z","v":0}
{"name":"wotfing-api","hostname":"Lauras-MBP","pid":6810,"level":30,"email":"test357@test.com","password":"password160","msg":"","time":"2017-06-14T21:19:39.318Z","v":0}
{"name":"wotfing-api","hostname":"Lauras-MBP","pid":6810,"level":30,"email":"test357@test.com","password":"password160","msg":"","time":"2017-06-14T21:19:39.354Z","v":0}
{"name":"wotfing-api","hostname":"Lauras-MBP","pid":6810,"level":30,"email":"test357@test.com","password":"password160","msg":"","time":"2017-06-14T21:19:39.366Z","v":0}
{"name":"wotfing-api","hostname":"Lauras-MBP","pid":6810,"level":30,"email":"test6622835@test.com","password":"password51232081","msg":"","time":"2017-06-14T21:19:47.064Z","v":0}
{"name":"wotfing-api","hostname":"Lauras-MBP","pid":6824,"level":30,"email":"test5891035@test.com","password":"password62600364","msg":"","time":"2017-06-14T21:22:20.628Z","v":0}
{"name":"wotfing-api","hostname":"Lauras-MBP","pid":6833,"level":30,"email":"test2434556@test.com","password":"password99122742","msg":"","time":"2017-06-14T21:22:46.296Z","v":0}
{"name":"wotfing-api","hostname":"Lauras-MBP","pid":6839,"level":30,"email":"test4204213@test.com","password":"password65077144","msg":"","time":"2017-06-14T21:23:31.672Z","v":0}
{"name":"wotfing-api","hostname":"Lauras-MBP","pid":6853,"level":30,"email":"test1593603@test.com","password":"password19468617","msg":"","time":"2017-06-14T21:25:08.578Z","v":0}
{"name":"wotfing-api","hostname":"Lauras-MBP","pid":6853,"level":30,"email":"test6693038@test.com","password":"password56686400","msg":"","time":"2017-06-14T21:25:16.755Z","v":0}
{"name":"wotfing-api","hostname":"Lauras-MBP","pid":6863,"level":30,"email":"test3028982@test.com","password":"password83504108","msg":"","time":"2017-06-14T21:25:39.324Z","v":0}
{"name":"wotfing-api","hostname":"Lauras-MBP","pid":6863,"level":30,"id":"123","timestamp":1234567890,"picUrl":"./pic.jpg","thumb":"","place":"Freezer","msg":"","time":"2017-06-14T21:25:39.359Z","v":0}
{"name":"wotfing-api","hostname":"Lauras-MBP","pid":6903,"level":30,"email":"test3712941@test.com","password":"password57380603","msg":"","time":"2017-06-14T21:34:45.114Z","v":0}
{"name":"wotfing-api","hostname":"Lauras-MBP","pid":6909,"level":30,"email":"test4130781@test.com","password":"password35701037","msg":"","time":"2017-06-14T21:35:22.441Z","v":0}
{"name":"wotfing-api","hostname":"Lauras-MBP","pid":6915,"level":30,"email":"test3725361@test.com","password":"password52378131","msg":"","time":"2017-06-14T21:35:41.715Z","v":0}
{"name":"wotfing-api","hostname":"Lauras-MBP","pid":6915,"level":30,"id":"123","timestamp":1234567890,"picUrl":"./pic.jpg","thumb":"","place":"Freezer","msg":"","time":"2017-06-14T21:35:41.754Z","v":0}
{"name":"wotfing-api","hostname":"Lauras-MBP","pid":6924,"level":30,"email":"test6499958@test.com","password":"password45741044","msg":"","time":"2017-06-14T21:36:30.180Z","v":0}
{"name":"wotfing-api","hostname":"Lauras-MBP","pid":6924,"level":30,"id":"123","timestamp":1234567890,"picUrl":"./pic.jpg","thumb":"","place":"Freezer","msg":"","time":"2017-06-14T21:36:30.222Z","v":0}
{"name":"wotfing-api","hostname":"Lauras-MBP","pid":6983,"level":30,"email":"test89699@test.com","password":"password63802202","msg":"","time":"2017-06-14T21:40:27.679Z","v":0}
{"name":"wotfing-api","hostname":"Lauras-MBP","pid":6983,"level":30,"id":"123","timestamp":1234567890,"picUrl":"./pic.jpg","thumb":"","place":"Freezer","msg":"","time":"2017-06-14T21:40:27.711Z","v":0}
{"name":"wotfing-api","hostname":"Lauras-MBP","pid":6983,"level":30,"msg":"","time":"2017-06-14T21:40:27.732Z","v":0}
{"name":"wotfing-api","hostname":"Lauras-MBP","pid":6989,"level":30,"email":"test2920392@test.com","password":"password83439564","msg":"","time":"2017-06-14T21:41:03.291Z","v":0}
{"name":"wotfing-api","hostname":"Lauras-MBP","pid":6989,"level":30,"id":"123","timestamp":1234567890,"picUrl":"./pic.jpg","thumb":"","place":"Freezer","msg":"","time":"2017-06-14T21:41:03.334Z","v":0}
{"name":"wotfing-api","hostname":"Lauras-MBP","pid":6989,"level":30,"msg":"","time":"2017-06-14T21:41:03.350Z","v":0}
{"name":"wotfing-api","hostname":"Lauras-MBP","pid":6989,"level":30,"email":"test6346778@test.com","password":"password93449007","msg":"","time":"2017-06-14T21:41:40.855Z","v":0}
{"name":"wotfing-api","hostname":"Lauras-MBP","pid":6989,"level":30,"id":"123","timestamp":1234567890,"picUrl":"./pic.jpg","thumb":"","place":"Freezer","msg":"","time":"2017-06-14T21:41:40.878Z","v":0}
{"name":"wotfing-api","hostname":"Lauras-MBP","pid":6989,"level":30,"msg":"","time":"2017-06-14T21:41:40.894Z","v":0}
{"name":"wotfing-api","hostname":"Lauras-MBP","pid":7007,"level":30,"email":"test6769332@test.com","password":"password92061255","msg":"","time":"2017-06-14T21:42:37.785Z","v":0}
{"name":"wotfing-api","hostname":"Lauras-MBP","pid":7007,"level":30,"id":"123","timestamp":1234567890,"picUrl":"./pic.jpg","thumb":"","place":"Freezer","msg":"","time":"2017-06-14T21:42:37.826Z","v":0}
{"name":"wotfing-api","hostname":"Lauras-MBP","pid":7007,"level":30,"msg":"","time":"2017-06-14T21:42:37.842Z","v":0}
{"name":"wotfing-api","hostname":"Lauras-MBP","pid":7018,"level":30,"email":"test9122241@test.com","password":"password10120993","msg":"","time":"2017-06-14T21:43:23.184Z","v":0}
{"name":"wotfing-api","hostname":"Lauras-MBP","pid":7018,"level":30,"id":"123","timestamp":1234567890,"picUrl":"./pic.jpg","thumb":"","place":"Freezer","msg":"","time":"2017-06-14T21:43:23.230Z","v":0}
{"name":"wotfing-api","hostname":"Lauras-MBP","pid":7018,"level":30,"msg":"","time":"2017-06-14T21:43:23.249Z","v":0}
{"name":"wotfing-api","hostname":"Lauras-MBP","pid":7027,"level":30,"email":"test309244@test.com","password":"password48961504","msg":"","time":"2017-06-14T21:43:46.725Z","v":0}
{"name":"wotfing-api","hostname":"Lauras-MBP","pid":7027,"level":30,"id":"123","timestamp":1234567890,"picUrl":"./pic.jpg","thumb":"","place":"Freezer","msg":"","time":"2017-06-14T21:43:46.768Z","v":0}
{"name":"wotfing-api","hostname":"Lauras-MBP","pid":7027,"level":30,"msg":"","time":"2017-06-14T21:43:46.787Z","v":0}
{"name":"wotfing-api","hostname":"Lauras-MBP","pid":7033,"level":30,"email":"test8246562@test.com","password":"password48583292","msg":"","time":"2017-06-14T21:43:57.656Z","v":0}
{"name":"wotfing-api","hostname":"Lauras-MBP","pid":7033,"level":30,"id":"123","timestamp":1234567890,"picUrl":"./pic.jpg","thumb":"","place":"Freezer","msg":"","time":"2017-06-14T21:43:57.690Z","v":0}
{"name":"wotfing-api","hostname":"Lauras-MBP","pid":7033,"level":30,"msg":"","time":"2017-06-14T21:43:57.710Z","v":0}
{"name":"wotfing-api","hostname":"Lauras-MBP","pid":7033,"level":30,"email":"test8940500@test.com","password":"password33176239","msg":"","time":"2017-06-14T21:44:02.609Z","v":0}
{"name":"wotfing-api","hostname":"Lauras-MBP","pid":7033,"level":30,"id":"123","timestamp":1234567890,"picUrl":"./pic.jpg","thumb":"","place":"Freezer","msg":"","time":"2017-06-14T21:44:02.631Z","v":0}
{"name":"wotfing-api","hostname":"Lauras-MBP","pid":7033,"level":30,"msg":"","time":"2017-06-14T21:44:02.639Z","v":0}
{"name":"wotfing-api","hostname":"Lauras-MBP","pid":7033,"level":30,"email":"test104977@test.com","password":"password22030833","msg":"","time":"2017-06-14T21:44:03.776Z","v":0}
{"name":"wotfing-api","hostname":"Lauras-MBP","pid":7033,"level":30,"id":"123","timestamp":1234567890,"picUrl":"./pic.jpg","thumb":"","place":"Freezer","msg":"","time":"2017-06-14T21:44:03.800Z","v":0}
{"name":"wotfing-api","hostname":"Lauras-MBP","pid":7033,"level":30,"msg":"","time":"2017-06-14T21:44:03.815Z","v":0}
{"name":"wotfing-api","hostname":"Lauras-MBP","pid":7033,"level":30,"email":"test8349665@test.com","password":"password7044997","msg":"","time":"2017-06-14T21:44:04.731Z","v":0}
{"name":"wotfing-api","hostname":"Lauras-MBP","pid":7033,"level":30,"id":"123","timestamp":1234567890,"picUrl":"./pic.jpg","thumb":"","place":"Freezer","msg":"","time":"2017-06-14T21:44:04.754Z","v":0}
{"name":"wotfing-api","hostname":"Lauras-MBP","pid":7033,"level":30,"msg":"","time":"2017-06-14T21:44:04.764Z","v":0}
{"name":"wotfing-api","hostname":"Lauras-MBP","pid":7033,"level":30,"email":"test6385490@test.com","password":"password21072127","msg":"","time":"2017-06-15T07:15:21.295Z","v":0}
{"name":"wotfing-api","hostname":"Lauras-MBP","pid":7033,"level":30,"id":"123","timestamp":1234567890,"picUrl":"./pic.jpg","thumb":"","place":"Freezer","msg":"","time":"2017-06-15T07:15:21.319Z","v":0}
{"name":"wotfing-api","hostname":"Lauras-MBP","pid":7033,"level":30,"msg":"","time":"2017-06-15T07:15:21.327Z","v":0}
